This is Common TeX, Version 2.9 (INITEX) 17 JUL 1989 17:33
**lplain.tex \dump 
(./lplain.tex Preloading the plain format: codes, registers,
\maxdimen=\dimen10
\hideskip=\skip10
\@centering=\skip11
\p@=\dimen11
\z@=\dimen12
\z@skip=\skip12
\voidb@x=\box10

parameters,
\smallskipamount=\skip13
\medskipamount=\skip14
\bigskipamount=\skip15
\normalbaselineskip=\skip16
\normallineskip=\skip17
\normallineskiplimit=\dimen13
\jot=\dimen14
\interdisplaylinepenalty=\count22
\interfootnotelinepenalty=\count23
 macros,
\strutbox=\box11
\mscount=\count24
 math definitions,
\rootbox=\box12
\p@renwd=\dimen15
\footins=\insert254
 hyphenation (./hyphen.tex)
(./lfonts.tex
\itfam=\fam4
\slfam=\fam5
\bffam=\fam6
\ttfam=\fam7
\sffam=\fam8
\scfam=\fam9
\lyfam=\fam10
) (./latex.tex
LaTeX Version 2.09 - Released 4 November 1985
counters,
\@unused=\write0
\@tempcnta=\count25
\@tempcntb=\count26
\@tempdima=\dimen16
\@tempdimb=\dimen17
\@tempboxa=\box13
\@flushglue=\skip18
\@tempskipa=\skip19
\@tempskipb=\skip20
\@temptokena=\toks10
 hacks, errors, par, spacing,
\@savsk=\dimen18
\@savsf=\count27
\fill=\skip21
 control, files,
\@mainaux=\write1
\@partaux=\write2
\@clubpenalty=\count28
 env. counters,
page nos., x-ref, environments, math,
\c@equation=\count29
\@eqcnt=\count30
\@eqpen=\count31
 center,
\@rightskip=\skip22
 verbatim, list,
\topsep=\skip23
\partopsep=\skip24
\itemsep=\skip25
\parsep=\skip26
\@topsep=\skip27
\@topsepadd=\skip28
\@outerparskip=\skip29
\leftmargin=\dimen19
\rightmargin=\dimen20
\listparindent=\dimen21
\itemindent=\dimen22
\labelwidth=\dimen23
\labelsep=\dimen24
\linewidth=\dimen25
\@totalleftmargin=\dimen26
\leftmargini=\dimen27
\leftmarginii=\dimen28
\leftmarginiii=\dimen29
\leftmarginiv=\dimen30
\leftmarginv=\dimen31
\leftmarginvi=\dimen32
\@listdepth=\count32
\@itempenalty=\count33
\@beginparpenalty=\count34
\@endparpenalty=\count35
\@labels=\box14
 itemize,
\@enumdepth=\count36
\c@enumi=\count37
\c@enumii=\count38
\c@enumiii=\count39
\c@enumiv=\count40
\@itemdepth=\count41

boxes,
\fboxrule=\dimen33
\fboxsep=\dimen34
\@mplistdepth=\count42
\@mpfootins=\insert253
 tabbing,
\@firsttab=\count43
\@maxtab=\count44
\@gtempa=\dimen35
\@gtempa=\dimen36
\@gtempa=\dimen37
\@gtempa=\dimen38
\@gtempa=\dimen39
\@gtempa=\dimen40
\@gtempa=\dimen41
\@gtempa=\dimen42
\@gtempa=\dimen43
\@gtempa=\dimen44
\@gtempa=\dimen45
\@gtempa=\dimen46
\@gtempa=\dimen47
\@getempa=\dimen48
\@nxttabmar=\count45
\@curtabmar=\count46
\@curtab=\count47
\@hightab=\count48
\@tabpush=\count49
\@curline=\box15
\@curfield=\box16
\@tabfbox=\box17
\tabbingsep=\dimen49
 array,
\@chclass=\count50
\@lastchclass=\count51
\@chnum=\count52
\arraycolsep=\dimen50
\tabcolsep=\dimen51
\arrayrulewidth=\dimen52
\doublerulesep=\dimen53
\@arstrutbox=\box18
\@cla=\count53
\@clb=\count54
 picture,
\@wholewidth=\dimen54
\@halfwidth=\dimen55
\unitlength=\dimen56
\@picbox=\box19
\@picht=\dimen57
\@ovxx=\dimen58
\@ovyy=\dimen59
\@ovdx=\dimen60
\@ovdy=\dimen61
\@ovro=\dimen62
\@ovri=\dimen63
\@xarg=\count55
\@yarg=\count56
\@yyarg=\count57
\@multicnt=\count58
\@xdim=\dimen64
\@ydim=\dimen65
\@linechar=\box20
\@linelen=\dimen66
\@clnwd=\dimen67
\@clnht=\dimen68
\@dashdim=\dimen69
\@dashbox=\box21
\@dashcnt=\count59
 theorem, lengths, title, sectioning,
\@secpenalty=\count60
\c@secnumdepth=\count61
\c@tocdepth=\count62

contents, index, bibliography, floats,
\@floatpenalty=\count63
\c@topnumber=\count64
\c@dbltopnumber=\count65
\c@bottomnumber=\count66
\c@totalnumber=\count67
 footnotes,
\c@footnote=\count68
\c@mpfootnote=\count69
\footnotesep=\dimen70
 initial, output,
\bx@A=\insert252
\bx@B=\insert251
\bx@C=\insert250
\bx@D=\insert249
\bx@E=\insert248
\bx@F=\insert247
\bx@G=\insert246
\bx@H=\insert245
\bx@I=\insert244
\bx@J=\insert243
\bx@K=\insert242
\bx@L=\insert241
\bx@M=\insert240
\bx@N=\insert239
\bx@O=\insert238
\bx@P=\insert237
\bx@Q=\insert236
\bx@R=\insert235
\topmargin=\dimen71
\oddsidemargin=\dimen72
\evensidemargin=\dimen73
\headheight=\dimen74
\headsep=\dimen75
\footheight=\dimen76
\footskip=\dimen77
\textheight=\dimen78
\textwidth=\dimen79
\columnwidth=\dimen80
\columnsep=\dimen81
\columnseprule=\dimen82
\@maxdepth=\dimen83
\marginparwidth=\dimen84
\marginparsep=\dimen85
\marginparpush=\dimen86
\floatsep=\skip30
\textfloatsep=\skip31
\intextsep=\skip32
\@maxsep=\dimen87
\dblfloatsep=\skip33
\dbltextfloatsep=\skip34
\@dblmaxsep=\dimen88
\@fptop=\skip35
\@fpsep=\skip36
\@fpbot=\skip37
\@dblfptop=\skip38
\@dblfpsep=\skip39
\@dblfpbot=\skip40
\@topnum=\count70
\@toproom=\dimen89
\@dbltopnum=\count71
\@dbltoproom=\dimen90
\@botnum=\count72
\@botroom=\dimen91
\@colnum=\count73
\@textmin=\dimen92
\@fpmin=\dimen93
\@colht=\dimen94
\@colroom=\dimen95
\@pageht=\dimen96
\@pagedp=\dimen97
\@mparbottom=\dimen98
\@currtype=\count74
\@outputbox=\box22
\@leftcolumn=\box23
\@holdpg=\box24

debugging
\@lowpenalty=\count75
\@medpenalty=\count76
\@highpenalty=\count77
)
Input any local modifications here.
)
Beginning to dump on file lplain.fmt
 (preloaded format=lplain 89.7.17)
2315 strings of total length 16324
21608 memory locations dumped; current usage is 118,34,21339
1946 multiletter control sequences
\font\nullfont=nullfont
\font\fivrm=cmr5
\font\fivmi=cmmi5
\font\fivsy=cmsy5
\font\fivly=lasy5
\font\sixrm=cmr6
\font\sixmi=cmmi6
\font\sixsy=cmsy6
\font\sixly=lasy6
\font\sevrm=cmr7
\font\sevmi=cmmi7
\font\sevsy=cmsy7
\font\sevit=cmti7
\font\sevly=lasy7
\font\egtrm=cmr8
\font\egtmi=cmmi8
\font\egtsy=cmsy8
\font\egtit=cmti8
\font\egtly=lasy8
\font\ninrm=cmr9
\font\ninmi=cmmi9
\font\ninsy=cmsy9
\font\ninit=cmti9
\font\ninbf=cmbx9
\font\nintt=cmtt9
\font\ninly=lasy9
\font\tenrm=cmr10
\font\tenmi=cmmi10
\font\tensy=cmsy10
\font\tenit=cmti10
\font\tensl=cmsl10
\font\tenbf=cmbx10
\font\tentt=cmtt10
\font\tensf=cmss10
\font\tenly=lasy10
\font\elvrm=cmr10 at 10.95pt
\font\elvmi=cmmi10 at 10.95pt
\font\elvsy=cmsy10 at 10.95pt
\font\elvit=cmti10 at 10.95pt
\font\elvsl=cmsl10 at 10.95pt
\font\elvbf=cmbx10 at 10.95pt
\font\elvtt=cmtt10 at 10.95pt
\font\elvsf=cmss10 at 10.95pt
\font\elvly=lasy10 at 10.95pt
\font\twlrm=cmr10 at 12.0pt
\font\twlmi=cmmi10 at 12.0pt
\font\twlsy=cmsy10 at 12.0pt
\font\twlit=cmti10 at 12.0pt
\font\twlsl=cmsl10 at 12.0pt
\font\twlbf=cmbx10 at 12.0pt
\font\twltt=cmtt10 at 12.0pt
\font\twlsf=cmss10 at 12.0pt
\font\twlly=lasy10 at 12.0pt
\font\frtnrm=cmr10 at 14.4pt
\font\frtnmi=cmmi10 at 14.4pt
\font\frtnsy=cmsy10 at 14.4pt
\font\frtnbf=cmbx10 at 14.4pt
\font\frtnly=lasy10 at 14.4pt
\font\svtnrm=cmr10 at 17.28pt
\font\svtnmi=cmmi10 at 17.28pt
\font\svtnsy=cmsy10 at 17.28pt
\font\svtnbf=cmbx10 at 17.28pt
\font\svtnly=lasy10 at 17.28pt
\font\twtyrm=cmr10 at 20.73999pt
\font\twtymi=cmmi10 at 20.73999pt
\font\twtysy=cmsy10 at 20.73999pt
\font\twtyly=lasy10 at 20.73999pt
\font\twfvrm=cmr10 at 24.87999pt
\font\tenex=cmex10
\font\tenln=line10
\font\tenlnw=linew10
\font\tencirc=circle10
\font\tencircw=circlew10
18968 words of font info for 72 preloaded fonts
14 hyphenation exceptions
Hyphenation trie of length 5942 has 181 ops
No pages of output.
